2019-01-16 17:29:37 DEBUG  main log4j.TestLog4j - 调试信息
2019-01-16 17:29:37 INFO  main log4j.TestLog4j - 输出信息
2019-01-16 17:29:37 WARN  main log4j.TestLog4j - 警告信息
2019-01-16 17:29:37 ERROR  main log4j.TestLog4j - 错误信息
2019-01-16 17:29:37 FATAL  main log4j.TestLog4j - 致命信息
2019-01-16 17:29:37 DEBUG  main log4j.TestLog4j - 调试信息
2019-01-16 17:29:37 INFO  main log4j.TestLog4j - 输出信息
2019-01-16 17:29:37 WARN  main log4j.TestLog4j - 警告信息
2019-01-16 17:29:37 ERROR  main log4j.TestLog4j - 错误信息
2019-01-16 17:29:37 FATAL  main log4j.TestLog4j - 致命信息
2019-01-16 17:29:37 DEBUG  main log4j.TestLog4j - 调试信息
2019-01-16 17:29:37 INFO  main log4j.TestLog4j - 输出信息
2019-01-16 17:29:37 WARN  main log4j.TestLog4j - 警告信息
2019-01-16 17:29:37 ERROR  main log4j.TestLog4j - 错误信息
2019-01-16 17:29:37 FATAL  main log4j.TestLog4j - 致命信息
2019-01-16 17:29:37 DEBUG  main log4j.TestLog4j - 调试信息
2019-01-16 17:29:37 INFO  main log4j.TestLog4j - 输出信息
2019-01-16 17:29:37 WARN  main log4j.TestLog4j - 警告信息
2019-01-16 17:29:37 ERROR  main log4j.TestLog4j - 错误信息
2019-01-16 17:29:37 FATAL  main log4j.TestLog4j - 致命信息
2019-01-16 17:29:37 DEBUG  main log4j.TestLog4j - 调试信息
2019-01-16 17:29:37 INFO  main log4j.TestLog4j - 输出信息
2019-01-16 17:29:37 WARN  main log4j.TestLog4j - 警告信息
2019-01-16 17:29:37 ERROR  main log4j.TestLog4j - 错误信息
2019-01-16 17:29:37 FATAL  main log4j.TestLog4j - 致命信息
2019-01-16 17:29:37 DEBUG  main log4j.TestLog4j - 调试信息
2019-01-16 17:29:37 INFO  main log4j.TestLog4j - 输出信息
2019-01-16 17:29:37 WARN  main log4j.TestLog4j - 警告信息
2019-01-16 17:29:37 ERROR  main log4j.TestLog4j - 错误信息
2019-01-16 17:29:37 FATAL  main log4j.TestLog4j - 致命信息
2019-01-16 17:29:37 DEBUG  main log4j.TestLog4j - 调试信息
2019-01-16 17:29:37 INFO  main log4j.TestLog4j - 输出信息
2019-01-16 17:29:37 WARN  main log4j.TestLog4j - 警告信息
2019-01-16 17:29:37 ERROR  main log4j.TestLog4j - 错误信息
2019-01-16 17:29:37 FATAL  main log4j.TestLog4j - 致命信息
2019-01-16 17:29:37 DEBUG  main log4j.TestLog4j - 调试信息
2019-01-16 17:29:37 INFO  main log4j.TestLog4j - 输出信息
2019-01-16 17:29:37 WARN  main log4j.TestLog4j - 警告信息
2019-01-16 17:29:37 ERROR  main log4j.TestLog4j - 错误信息
2019-01-16 17:29:37 FATAL  main log4j.TestLog4j - 致命信息
2019-01-16 17:29:37 DEBUG  main log4j.TestLog4j - 调试信息
2019-01-16 17:29:37 INFO  main log4j.TestLog4j - 输出信息
2019-01-16 17:29:37 WARN  main log4j.TestLog4j - 警告信息
2019-01-16 17:29:37 ERROR  main log4j.TestLog4j - 错误信息
2019-01-16 17:29:37 FATAL  main log4j.TestLog4j - 致命信息
2019-01-16 17:29:37 DEBUG  main log4j.TestLog4j - 调试信息
2019-01-16 17:29:37 INFO  main log4j.TestLog4j - 输出信息
2019-01-16 17:29:37 WARN  main log4j.TestLog4j - 警告信息
2019-01-16 17:29:37 ERROR  main log4j.TestLog4j - 错误信息
2019-01-16 17:29:37 FATAL  main log4j.TestLog4j - 致命信息
